# JRE version: 7.0_21-b11
# Java VM: Java HotSpot(TM) Client VM (23.21-b01 mixed mode, sharing windows-x86 )
Heap
 def new generation   total 8384K, used 7527K [0x23d60000, 0x24670000, 0x292b0000)
  eden space 7488K,  98% used [0x23d60000, 0x2449bf90, 0x244b0000)
  from space 896K,  13% used [0x244b0000, 0x244ce000, 0x24590000)
  to   space 896K,   0% used [0x24590000, 0x24590000, 0x24670000)
 tenured generation   total 18416K, used 16605K [0x292b0000, 0x2a4ac000, 0x33d60000)
   the space 18416K,  90% used [0x292b0000, 0x2a2e7688, 0x2a2e7800, 0x2a4ac000)
 compacting perm gen  total 12288K, used 9356K [0x33d60000, 0x34960000, 0x37d60000)
   the space 12288K,  76% used [0x33d60000, 0x346832a8, 0x34683400, 0x34960000)
    ro space 10240K,  45% used [0x37d60000, 0x381e7988, 0x381e7a00, 0x38760000)
    rw space 12288K,  54% used [0x38760000, 0x38deb5d8, 0x38deb600, 0x39360000)
GC Heap History (10 events):
Event: 49.252 GC heap before
{Heap before GC invocations=84 (full 1):
 def new generation   total 8384K, used 7624K [0x23d60000, 0x24670000, 0x292b0000)
  eden space 7488K, 100% used [0x23d60000, 0x244b0000, 0x244b0000)
  from space 896K,  15% used [0x24590000, 0x245b2020, 0x24670000)
  to   space 896K,   0% used [0x244b0000, 0x244b0000, 0x24590000)
 tenured generation   total 18416K, used 15206K [0x292b0000, 0x2a4ac000, 0x33d60000)
   the space 18416K,  82% used [0x292b0000, 0x2a189a88, 0x2a189c00, 0x2a4ac000)
 compacting perm gen  total 12288K, used 9348K [0x33d60000, 0x34960000, 0x37d60000)
   the space 12288K,  76% used [0x33d60000, 0x346810c8, 0x34681200, 0x34960000)
    ro space 10240K,  45% used [0x37d60000, 0x381e7988, 0x381e7a00, 0x38760000)
    rw space 12288K,  54% used [0x38760000, 0x38deb5d8, 0x38deb600, 0x39360000)
Event: 49.254 GC heap after
Heap after GC invocations=85 (full 1):
 def new generation   total 8384K, used 171K [0x23d60000, 0x24670000, 0x292b0000)
  eden space 7488K,   0% used [0x23d60000, 0x23d60000, 0x244b0000)
  from space 896K,  19% used [0x244b0000, 0x244daf60, 0x24590000)
  to   space 896K,   0% used [0x24590000, 0x24590000, 0x24670000)
 tenured generation   total 18416K, used 15206K [0x292b0000, 0x2a4ac000, 0x33d60000)
   the space 18416K,  82% used [0x292b0000, 0x2a189a88, 0x2a189c00, 0x2a4ac000)
 compacting perm gen  total 12288K, used 9348K [0x33d60000, 0x34960000, 0x37d60000)
   the space 12288K,  76% used [0x33d60000, 0x346810c8, 0x34681200, 0x34960000)
    ro space 10240K,  45% used [0x37d60000, 0x381e7988, 0x381e7a00, 0x38760000)
    rw space 12288K,  54% used [0x38760000, 0x38deb5d8, 0x38deb600, 0x39360000)
}
Event: 52.156 GC heap before
{Heap before GC invocations=85 (full 1):
 def new generation   total 8384K, used 7659K [0x23d60000, 0x24670000, 0x292b0000)
  eden space 7488K, 100% used [0x23d60000, 0x244b0000, 0x244b0000)
  from space 896K,  19% used [0x244b0000, 0x244daf60, 0x24590000)
  to   space 896K,   0% used [0x24590000, 0x24590000, 0x24670000)
 tenured generation   total 18416K, used 15206K [0x292b0000, 0x2a4ac000, 0x33d60000)
   the space 18416K,  82% used [0x292b0000, 0x2a189a88, 0x2a189c00, 0x2a4ac000)
 compacting perm gen  total 12288K, used 9348K [0x33d60000, 0x34960000, 0x37d60000)
   the space 12288K,  76% used [0x33d60000, 0x34681108, 0x34681200, 0x34960000)
    ro space 10240K,  45% used [0x37d60000, 0x381e7988, 0x381e7a00, 0x38760000)
    rw space 12288K,  54% used [0x38760000, 0x38deb5d8, 0x38deb600, 0x39360000)
Event: 52.159 GC heap after
Heap after GC invocations=86 (full 1):
 def new generation   total 8384K, used 256K [0x23d60000, 0x24670000, 0x292b0000)
  eden space 7488K,   0% used [0x23d60000, 0x23d60000, 0x244b0000)
  from space 896K,  28% used [0x24590000, 0x245d00a0, 0x24670000)
  to   space 896K,   0% used [0x244b0000, 0x244b0000, 0x24590000)
 tenured generation   total 18416K, used 15206K [0x292b0000, 0x2a4ac000, 0x33d60000)
   the space 18416K,  82% used [0x292b0000, 0x2a189a88, 0x2a189c00, 0x2a4ac000)
 compacting perm gen  total 12288K, used 9348K [0x33d60000, 0x34960000, 0x37d60000)
   the space 12288K,  76% used [0x33d60000, 0x34681108, 0x34681200, 0x34960000)
    ro space 10240K,  45% used [0x37d60000, 0x381e7988, 0x381e7a00, 0x38760000)
    rw space 12288K,  54% used [0x38760000, 0x38deb5d8, 0x38deb600, 0x39360000)
}
Event: 57.173 GC heap before
{Heap before GC invocations=86 (full 1):
 def new generation   total 8384K, used 7744K [0x23d60000, 0x24670000, 0x292b0000)
  eden space 7488K, 100% used [0x23d60000, 0x244b0000, 0x244b0000)
  from space 896K,  28% used [0x24590000, 0x245d00a0, 0x24670000)
  to   space 896K,   0% used [0x244b0000, 0x244b0000, 0x24590000)
 tenured generation   total 18416K, used 15206K [0x292b0000, 0x2a4ac000, 0x33d60000)
   the space 18416K,  82% used [0x292b0000, 0x2a189a88, 0x2a189c00, 0x2a4ac000)
 compacting perm gen  total 12288K, used 9354K [0x33d60000, 0x34960000, 0x37d60000)
   the space 12288K,  76% used [0x33d60000, 0x34682a10, 0x34682c00, 0x34960000)
    ro space 10240K,  45% used [0x37d60000, 0x381e7988, 0x381e7a00, 0x38760000)
    rw space 12288K,  54% used [0x38760000, 0x38deb5d8, 0x38deb600, 0x39360000)
Event: 57.177 GC heap after
Heap after GC invocations=87 (full 1):
 def new generation   total 8384K, used 896K [0x23d60000, 0x24670000, 0x292b0000)
  eden space 7488K,   0% used [0x23d60000, 0x23d60000, 0x244b0000)
  from space 896K, 100% used [0x244b0000, 0x24590000, 0x24590000)
  to   space 896K,   0% used [0x24590000, 0x24590000, 0x24670000)
 tenured generation   total 18416K, used 15438K [0x292b0000, 0x2a4ac000, 0x33d60000)
   the space 18416K,  83% used [0x292b0000, 0x2a1c3ba0, 0x2a1c3c00, 0x2a4ac000)
 compacting perm gen  total 12288K, used 9354K [0x33d60000, 0x34960000, 0x37d60000)
   the space 12288K,  76% used [0x33d60000, 0x34682a10, 0x34682c00, 0x34960000)
    ro space 10240K,  45% used [0x37d60000, 0x381e7988, 0x381e7a00, 0x38760000)
    rw space 12288K,  54% used [0x38760000, 0x38deb5d8, 0x38deb600, 0x39360000)
}
Event: 61.123 GC heap before
{Heap before GC invocations=87 (full 1):
 def new generation   total 8384K, used 8384K [0x23d60000, 0x24670000, 0x292b0000)
  eden space 7488K, 100% used [0x23d60000, 0x244b0000, 0x244b0000)
  from space 896K, 100% used [0x244b0000, 0x24590000, 0x24590000)
  to   space 896K,   0% used [0x24590000, 0x24590000, 0x24670000)
 tenured generation   total 18416K, used 15438K [0x292b0000, 0x2a4ac000, 0x33d60000)
   the space 18416K,  83% used [0x292b0000, 0x2a1c3ba0, 0x2a1c3c00, 0x2a4ac000)
 compacting perm gen  total 12288K, used 9354K [0x33d60000, 0x34960000, 0x37d60000)
   the space 12288K,  76% used [0x33d60000, 0x34682a50, 0x34682c00, 0x34960000)
    ro space 10240K,  45% used [0x37d60000, 0x381e7988, 0x381e7a00, 0x38760000)
    rw space 12288K,  54% used [0x38760000, 0x38deb5d8, 0x38deb600, 0x39360000)
Event: 61.128 GC heap after
Heap after GC invocations=88 (full 1):
 def new generation   total 8384K, used 458K [0x23d60000, 0x24670000, 0x292b0000)
  eden space 7488K,   0% used [0x23d60000, 0x23d60000, 0x244b0000)
  from space 896K,  51% used [0x24590000, 0x24602ad8, 0x24670000)
  to   space 896K,   0% used [0x244b0000, 0x244b0000, 0x24590000)
 tenured generation   total 18416K, used 16235K [0x292b0000, 0x2a4ac000, 0x33d60000)
   the space 18416K,  88% used [0x292b0000, 0x2a28aef8, 0x2a28b000, 0x2a4ac000)
 compacting perm gen  total 12288K, used 9354K [0x33d60000, 0x34960000, 0x37d60000)
   the space 12288K,  76% used [0x33d60000, 0x34682a50, 0x34682c00, 0x34960000)
    ro space 10240K,  45% used [0x37d60000, 0x381e7988, 0x381e7a00, 0x38760000)
    rw space 12288K,  54% used [0x38760000, 0x38deb5d8, 0x38deb600, 0x39360000)
}
Event: 63.052 GC heap before
{Heap before GC invocations=88 (full 1):
 def new generation   total 8384K, used 7946K [0x23d60000, 0x24670000, 0x292b0000)
  eden space 7488K, 100% used [0x23d60000, 0x244b0000, 0x244b0000)
  from space 896K,  51% used [0x24590000, 0x24602ad8, 0x24670000)
  to   space 896K,   0% used [0x244b0000, 0x244b0000, 0x24590000)
 tenured generation   total 18416K, used 16235K [0x292b0000, 0x2a4ac000, 0x33d60000)
   the space 18416K,  88% used [0x292b0000, 0x2a28aef8, 0x2a28b000, 0x2a4ac000)
 compacting perm gen  total 12288K, used 9354K [0x33d60000, 0x34960000, 0x37d60000)
   the space 12288K,  76% used [0x33d60000, 0x34682a80, 0x34682c00, 0x34960000)
    ro space 10240K,  45% used [0x37d60000, 0x381e7988, 0x381e7a00, 0x38760000)
    rw space 12288K,  54% used [0x38760000, 0x38deb5d8, 0x38deb600, 0x39360000)
Event: 63.055 GC heap after
Heap after GC invocations=89 (full 1):
 def new generation   total 8384K, used 120K [0x23d60000, 0x24670000, 0x292b0000)
  eden space 7488K,   0% used [0x23d60000, 0x23d60000, 0x244b0000)
  from space 896K,  13% used [0x244b0000, 0x244ce000, 0x24590000)
  to   space 896K,   0% used [0x24590000, 0x24590000, 0x24670000)
 tenured generation   total 18416K, used 16605K [0x292b0000, 0x2a4ac000, 0x33d60000)
   the space 18416K,  90% used [0x292b0000, 0x2a2e7688, 0x2a2e7800, 0x2a4ac000)
 compacting perm gen  total 12288K, used 9354K [0x33d60000, 0x34960000, 0x37d60000)
   the space 12288K,  76% used [0x33d60000, 0x34682a80, 0x34682c00, 0x34960000)
    ro space 10240K,  45% used [0x37d60000, 0x381e7988, 0x381e7a00, 0x38760000)
    rw space 12288K,  54% used [0x38760000, 0x38deb5d8, 0x38deb600, 0x39360000)
}

