# JRE version: 7.0_21-b11
# Java VM: Java HotSpot(TM) Client VM (23.21-b01 mixed mode, sharing windows-x86 )
Heap
 def new generation   total 19328K, used 7663K [0x23d60000, 0x25250000, 0x292b0000)
  eden space 17216K,  37% used [0x23d60000, 0x243b8958, 0x24e30000)
  from space 2112K,  55% used [0x24e30000, 0x24f53538, 0x25040000)
  to   space 2112K,   0% used [0x25040000, 0x25040000, 0x25250000)
 tenured generation   total 42840K, used 40998K [0x292b0000, 0x2bc86000, 0x33d60000)
   the space 42840K,  95% used [0x292b0000, 0x2bab98b8, 0x2bab9a00, 0x2bc86000)
 compacting perm gen  total 12288K, used 9625K [0x33d60000, 0x34960000, 0x37d60000)
   the space 12288K,  78% used [0x33d60000, 0x346c6420, 0x346c6600, 0x34960000)
    ro space 10240K,  45% used [0x37d60000, 0x381e7988, 0x381e7a00, 0x38760000)
    rw space 12288K,  54% used [0x38760000, 0x38deb5d8, 0x38deb600, 0x39360000)
GC Heap History (10 events):
Event: 290.631 GC heap before
{Heap before GC invocations=125 (full 5):
 def new generation   total 19328K, used 17210K [0x23d60000, 0x25250000, 0x292b0000)
  eden space 17216K,  99% used [0x23d60000, 0x24e2ebd0, 0x24e30000)
  from space 2112K,   0% used [0x25040000, 0x25040000, 0x25250000)
  to   space 2112K,   0% used [0x24e30000, 0x24e30000, 0x25040000)
 tenured generation   total 42840K, used 25652K [0x292b0000, 0x2bc86000, 0x33d60000)
   the space 42840K,  59% used [0x292b0000, 0x2abbd248, 0x2abbd400, 0x2bc86000)
 compacting perm gen  total 12288K, used 9622K [0x33d60000, 0x34960000, 0x37d60000)
   the space 12288K,  78% used [0x33d60000, 0x346c5b98, 0x346c5c00, 0x34960000)
    ro space 10240K,  45% used [0x37d60000, 0x381e7988, 0x381e7a00, 0x38760000)
    rw space 12288K,  54% used [0x38760000, 0x38deb5d8, 0x38deb600, 0x39360000)
Event: 290.638 GC heap after
Heap after GC invocations=126 (full 5):
 def new generation   total 19328K, used 1515K [0x23d60000, 0x25250000, 0x292b0000)
  eden space 17216K,   0% used [0x23d60000, 0x23d60000, 0x24e30000)
  from space 2112K,  71% used [0x24e30000, 0x24faacb8, 0x25040000)
  to   space 2112K,   0% used [0x25040000, 0x25040000, 0x25250000)
 tenured generation   total 42840K, used 25652K [0x292b0000, 0x2bc86000, 0x33d60000)
   the space 42840K,  59% used [0x292b0000, 0x2abbd248, 0x2abbd400, 0x2bc86000)
 compacting perm gen  total 12288K, used 9622K [0x33d60000, 0x34960000, 0x37d60000)
   the space 12288K,  78% used [0x33d60000, 0x346c5b98, 0x346c5c00, 0x34960000)
    ro space 10240K,  45% used [0x37d60000, 0x381e7988, 0x381e7a00, 0x38760000)
    rw space 12288K,  54% used [0x38760000, 0x38deb5d8, 0x38deb600, 0x39360000)
}
Event: 295.306 GC heap before
{Heap before GC invocations=126 (full 5):
 def new generation   total 19328K, used 17735K [0x23d60000, 0x25250000, 0x292b0000)
  eden space 17216K,  94% used [0x23d60000, 0x24d37318, 0x24e30000)
  from space 2112K,  71% used [0x24e30000, 0x24faacb8, 0x25040000)
  to   space 2112K,   0% used [0x25040000, 0x25040000, 0x25250000)
 tenured generation   total 42840K, used 25652K [0x292b0000, 0x2bc86000, 0x33d60000)
   the space 42840K,  59% used [0x292b0000, 0x2abbd248, 0x2abbd400, 0x2bc86000)
 compacting perm gen  total 12288K, used 9622K [0x33d60000, 0x34960000, 0x37d60000)
   the space 12288K,  78% used [0x33d60000, 0x346c5b98, 0x346c5c00, 0x34960000)
    ro space 10240K,  45% used [0x37d60000, 0x381e7988, 0x381e7a00, 0x38760000)
    rw space 12288K,  54% used [0x38760000, 0x38deb5d8, 0x38deb600, 0x39360000)
Event: 295.314 GC heap after
Heap after GC invocations=127 (full 5):
 def new generation   total 19328K, used 2112K [0x23d60000, 0x25250000, 0x292b0000)
  eden space 17216K,   0% used [0x23d60000, 0x23d60000, 0x24e30000)
  from space 2112K, 100% used [0x25040000, 0x25250000, 0x25250000)
  to   space 2112K,   0% used [0x24e30000, 0x24e30000, 0x25040000)
 tenured generation   total 42840K, used 29253K [0x292b0000, 0x2bc86000, 0x33d60000)
   the space 42840K,  68% used [0x292b0000, 0x2af416c0, 0x2af41800, 0x2bc86000)
 compacting perm gen  total 12288K, used 9622K [0x33d60000, 0x34960000, 0x37d60000)
   the space 12288K,  78% used [0x33d60000, 0x346c5b98, 0x346c5c00, 0x34960000)
    ro space 10240K,  45% used [0x37d60000, 0x381e7988, 0x381e7a00, 0x38760000)
    rw space 12288K,  54% used [0x38760000, 0x38deb5d8, 0x38deb600, 0x39360000)
}
Event: 296.445 GC heap before
{Heap before GC invocations=127 (full 5):
 def new generation   total 19328K, used 19328K [0x23d60000, 0x25250000, 0x292b0000)
  eden space 17216K, 100% used [0x23d60000, 0x24e30000, 0x24e30000)
  from space 2112K, 100% used [0x25040000, 0x25250000, 0x25250000)
  to   space 2112K,   0% used [0x24e30000, 0x24e30000, 0x25040000)
 tenured generation   total 42840K, used 29253K [0x292b0000, 0x2bc86000, 0x33d60000)
   the space 42840K,  68% used [0x292b0000, 0x2af416c0, 0x2af41800, 0x2bc86000)
 compacting perm gen  total 12288K, used 9622K [0x33d60000, 0x34960000, 0x37d60000)
   the space 12288K,  78% used [0x33d60000, 0x346c5b98, 0x346c5c00, 0x34960000)
    ro space 10240K,  45% used [0x37d60000, 0x381e7988, 0x381e7a00, 0x38760000)
    rw space 12288K,  54% used [0x38760000, 0x38deb5d8, 0x38deb600, 0x39360000)
Event: 296.456 GC heap after
Heap after GC invocations=128 (full 5):
 def new generation   total 19328K, used 2112K [0x23d60000, 0x25250000, 0x292b0000)
  eden space 17216K,   0% used [0x23d60000, 0x23d60000, 0x24e30000)
  from space 2112K, 100% used [0x24e30000, 0x25040000, 0x25040000)
  to   space 2112K,   0% used [0x25040000, 0x25040000, 0x25250000)
 tenured generation   total 42840K, used 34496K [0x292b0000, 0x2bc86000, 0x33d60000)
   the space 42840K,  80% used [0x292b0000, 0x2b460090, 0x2b460200, 0x2bc86000)
 compacting perm gen  total 12288K, used 9622K [0x33d60000, 0x34960000, 0x37d60000)
   the space 12288K,  78% used [0x33d60000, 0x346c5b98, 0x346c5c00, 0x34960000)
    ro space 10240K,  45% used [0x37d60000, 0x381e7988, 0x381e7a00, 0x38760000)
    rw space 12288K,  54% used [0x38760000, 0x38deb5d8, 0x38deb600, 0x39360000)
}
Event: 299.213 GC heap before
{Heap before GC invocations=128 (full 5):
 def new generation   total 19328K, used 19328K [0x23d60000, 0x25250000, 0x292b0000)
  eden space 17216K, 100% used [0x23d60000, 0x24e30000, 0x24e30000)
  from space 2112K, 100% used [0x24e30000, 0x25040000, 0x25040000)
  to   space 2112K,   0% used [0x25040000, 0x25040000, 0x25250000)
 tenured generation   total 42840K, used 34496K [0x292b0000, 0x2bc86000, 0x33d60000)
   the space 42840K,  80% used [0x292b0000, 0x2b460090, 0x2b460200, 0x2bc86000)
 compacting perm gen  total 12288K, used 9622K [0x33d60000, 0x34960000, 0x37d60000)
   the space 12288K,  78% used [0x33d60000, 0x346c5b98, 0x346c5c00, 0x34960000)
    ro space 10240K,  45% used [0x37d60000, 0x381e7988, 0x381e7a00, 0x38760000)
    rw space 12288K,  54% used [0x38760000, 0x38deb5d8, 0x38deb600, 0x39360000)
Event: 299.223 GC heap after
Heap after GC invocations=129 (full 5):
 def new generation   total 19328K, used 2112K [0x23d60000, 0x25250000, 0x292b0000)
  eden space 17216K,   0% used [0x23d60000, 0x23d60000, 0x24e30000)
  from space 2112K, 100% used [0x25040000, 0x25250000, 0x25250000)
  to   space 2112K,   0% used [0x24e30000, 0x24e30000, 0x25040000)
 tenured generation   total 42840K, used 39071K [0x292b0000, 0x2bc86000, 0x33d60000)
   the space 42840K,  91% used [0x292b0000, 0x2b8d7f00, 0x2b8d8000, 0x2bc86000)
 compacting perm gen  total 12288K, used 9622K [0x33d60000, 0x34960000, 0x37d60000)
   the space 12288K,  78% used [0x33d60000, 0x346c5b98, 0x346c5c00, 0x34960000)
    ro space 10240K,  45% used [0x37d60000, 0x381e7988, 0x381e7a00, 0x38760000)
    rw space 12288K,  54% used [0x38760000, 0x38deb5d8, 0x38deb600, 0x39360000)
}
Event: 304.161 GC heap before
{Heap before GC invocations=129 (full 5):
 def new generation   total 19328K, used 19328K [0x23d60000, 0x25250000, 0x292b0000)
  eden space 17216K, 100% used [0x23d60000, 0x24e30000, 0x24e30000)
  from space 2112K, 100% used [0x25040000, 0x25250000, 0x25250000)
  to   space 2112K,   0% used [0x24e30000, 0x24e30000, 0x25040000)
 tenured generation   total 42840K, used 39071K [0x292b0000, 0x2bc86000, 0x33d60000)
   the space 42840K,  91% used [0x292b0000, 0x2b8d7f00, 0x2b8d8000, 0x2bc86000)
 compacting perm gen  total 12288K, used 9622K [0x33d60000, 0x34960000, 0x37d60000)
   the space 12288K,  78% used [0x33d60000, 0x346c5bc8, 0x346c5c00, 0x34960000)
    ro space 10240K,  45% used [0x37d60000, 0x381e7988, 0x381e7a00, 0x38760000)
    rw space 12288K,  54% used [0x38760000, 0x38deb5d8, 0x38deb600, 0x39360000)
Event: 304.168 GC heap after
Heap after GC invocations=130 (full 5):
 def new generation   total 19328K, used 1165K [0x23d60000, 0x25250000, 0x292b0000)
  eden space 17216K,   0% used [0x23d60000, 0x23d60000, 0x24e30000)
  from space 2112K,  55% used [0x24e30000, 0x24f53538, 0x25040000)
  to   space 2112K,   0% used [0x25040000, 0x25040000, 0x25250000)
 tenured generation   total 42840K, used 40998K [0x292b0000, 0x2bc86000, 0x33d60000)
   the space 42840K,  95% used [0x292b0000, 0x2bab98b8, 0x2bab9a00, 0x2bc86000)
 compacting perm gen  total 12288K, used 9622K [0x33d60000, 0x34960000, 0x37d60000)
   the space 12288K,  78% used [0x33d60000, 0x346c5bc8, 0x346c5c00, 0x34960000)
    ro space 10240K,  45% used [0x37d60000, 0x381e7988, 0x381e7a00, 0x38760000)
    rw space 12288K,  54% used [0x38760000, 0x38deb5d8, 0x38deb600, 0x39360000)
}

