# JRE version: 7.0_21-b11
# Java VM: Java HotSpot(TM) Client VM (23.21-b01 mixed mode, sharing windows-x86 )
Heap
 def new generation   total 9216K, used 2241K [0x23d60000, 0x24750000, 0x292b0000)
  eden space 8256K,  23% used [0x23d60000, 0x23f3d938, 0x24570000)
  from space 960K,  34% used [0x24660000, 0x246b2c70, 0x24750000)
  to   space 960K,   0% used [0x24570000, 0x24570000, 0x24660000)
 tenured generation   total 20320K, used 14257K [0x292b0000, 0x2a688000, 0x33d60000)
   the space 20320K,  70% used [0x292b0000, 0x2a09c708, 0x2a09c800, 0x2a688000)
 compacting perm gen  total 12288K, used 9190K [0x33d60000, 0x34960000, 0x37d60000)
   the space 12288K,  74% used [0x33d60000, 0x346599e0, 0x34659a00, 0x34960000)
    ro space 10240K,  45% used [0x37d60000, 0x381e7988, 0x381e7a00, 0x38760000)
    rw space 12288K,  54% used [0x38760000, 0x38deb5d8, 0x38deb600, 0x39360000)
GC Heap History (10 events):
Event: 11.758 GC heap before
{Heap before GC invocations=70 (full 0):
 def new generation   total 4928K, used 4907K [0x23d60000, 0x242b0000, 0x292b0000)
  eden space 4416K,  99% used [0x23d60000, 0x241aae88, 0x241b0000)
  from space 512K,  99% used [0x241b0000, 0x2422ff98, 0x24230000)
  to   space 512K,   0% used [0x24230000, 0x24230000, 0x242b0000)
 tenured generation   total 10944K, used 9822K [0x292b0000, 0x29d60000, 0x33d60000)
   the space 10944K,  89% used [0x292b0000, 0x29c47828, 0x29c47a00, 0x29d60000)
 compacting perm gen  total 12288K, used 8799K [0x33d60000, 0x34960000, 0x37d60000)
   the space 12288K,  71% used [0x33d60000, 0x345f7fe8, 0x345f8000, 0x34960000)
    ro space 10240K,  45% used [0x37d60000, 0x381e7988, 0x381e7a00, 0x38760000)
    rw space 12288K,  54% used [0x38760000, 0x38deb5d8, 0x38deb600, 0x39360000)
Event: 11.765 GC heap after
Heap after GC invocations=71 (full 0):
 def new generation   total 4928K, used 512K [0x23d60000, 0x242b0000, 0x292b0000)
  eden space 4416K,   0% used [0x23d60000, 0x23d60000, 0x241b0000)
  from space 512K, 100% used [0x24230000, 0x242b0000, 0x242b0000)
  to   space 512K,   0% used [0x241b0000, 0x241b0000, 0x24230000)
 tenured generation   total 10944K, used 10837K [0x292b0000, 0x29d60000, 0x33d60000)
   the space 10944K,  99% used [0x292b0000, 0x29d45538, 0x29d45600, 0x29d60000)
 compacting perm gen  total 12288K, used 8799K [0x33d60000, 0x34960000, 0x37d60000)
   the space 12288K,  71% used [0x33d60000, 0x345f7fe8, 0x345f8000, 0x34960000)
    ro space 10240K,  45% used [0x37d60000, 0x381e7988, 0x381e7a00, 0x38760000)
    rw space 12288K,  54% used [0x38760000, 0x38deb5d8, 0x38deb600, 0x39360000)
}
Event: 12.532 GC heap before
{Heap before GC invocations=71 (full 0):
 def new generation   total 4928K, used 4928K [0x23d60000, 0x242b0000, 0x292b0000)
  eden space 4416K, 100% used [0x23d60000, 0x241b0000, 0x241b0000)
  from space 512K, 100% used [0x24230000, 0x242b0000, 0x242b0000)
  to   space 512K,   0% used [0x241b0000, 0x241b0000, 0x24230000)
 tenured generation   total 10944K, used 10837K [0x292b0000, 0x29d60000, 0x33d60000)
   the space 10944K,  99% used [0x292b0000, 0x29d45538, 0x29d45600, 0x29d60000)
 compacting perm gen  total 12288K, used 8925K [0x33d60000, 0x34960000, 0x37d60000)
   the space 12288K,  72% used [0x33d60000, 0x346175c0, 0x34617600, 0x34960000)
    ro space 10240K,  45% used [0x37d60000, 0x381e7988, 0x381e7a00, 0x38760000)
    rw space 12288K,  54% used [0x38760000, 0x38deb5d8, 0x38deb600, 0x39360000)
Event: 12.615 GC heap after
Heap after GC invocations=72 (full 1):
 def new generation   total 9216K, used 0K [0x23d60000, 0x24750000, 0x292b0000)
  eden space 8256K,   0% used [0x23d60000, 0x23d60000, 0x24570000)
  from space 960K,   0% used [0x24570000, 0x24570000, 0x24660000)
  to   space 960K,   0% used [0x24660000, 0x24660000, 0x24750000)
 tenured generation   total 20320K, used 12191K [0x292b0000, 0x2a688000, 0x33d60000)
   the space 20320K,  59% used [0x292b0000, 0x29e97d58, 0x29e97e00, 0x2a688000)
 compacting perm gen  total 12288K, used 8925K [0x33d60000, 0x34960000, 0x37d60000)
   the space 12288K,  72% used [0x33d60000, 0x346175c0, 0x34617600, 0x34960000)
    ro space 10240K,  45% used [0x37d60000, 0x381e7988, 0x381e7a00, 0x38760000)
    rw space 12288K,  54% used [0x38760000, 0x38deb5d8, 0x38deb600, 0x39360000)
}
Event: 15.175 GC heap before
{Heap before GC invocations=72 (full 1):
 def new generation   total 9216K, used 8256K [0x23d60000, 0x24750000, 0x292b0000)
  eden space 8256K, 100% used [0x23d60000, 0x24570000, 0x24570000)
  from space 960K,   0% used [0x24570000, 0x24570000, 0x24660000)
  to   space 960K,   0% used [0x24660000, 0x24660000, 0x24750000)
 tenured generation   total 20320K, used 12191K [0x292b0000, 0x2a688000, 0x33d60000)
   the space 20320K,  59% used [0x292b0000, 0x29e97d58, 0x29e97e00, 0x2a688000)
 compacting perm gen  total 12288K, used 9185K [0x33d60000, 0x34960000, 0x37d60000)
   the space 12288K,  74% used [0x33d60000, 0x346584b0, 0x34658600, 0x34960000)
    ro space 10240K,  45% used [0x37d60000, 0x381e7988, 0x381e7a00, 0x38760000)
    rw space 12288K,  54% used [0x38760000, 0x38deb5d8, 0x38deb600, 0x39360000)
Event: 15.181 GC heap after
Heap after GC invocations=73 (full 1):
 def new generation   total 9216K, used 960K [0x23d60000, 0x24750000, 0x292b0000)
  eden space 8256K,   0% used [0x23d60000, 0x23d60000, 0x24570000)
  from space 960K, 100% used [0x24660000, 0x24750000, 0x24750000)
  to   space 960K,   0% used [0x24570000, 0x24570000, 0x24660000)
 tenured generation   total 20320K, used 12943K [0x292b0000, 0x2a688000, 0x33d60000)
   the space 20320K,  63% used [0x292b0000, 0x29f53e50, 0x29f54000, 0x2a688000)
 compacting perm gen  total 12288K, used 9185K [0x33d60000, 0x34960000, 0x37d60000)
   the space 12288K,  74% used [0x33d60000, 0x346584b0, 0x34658600, 0x34960000)
    ro space 10240K,  45% used [0x37d60000, 0x381e7988, 0x381e7a00, 0x38760000)
    rw space 12288K,  54% used [0x38760000, 0x38deb5d8, 0x38deb600, 0x39360000)
}
Event: 17.712 GC heap before
{Heap before GC invocations=73 (full 1):
 def new generation   total 9216K, used 9216K [0x23d60000, 0x24750000, 0x292b0000)
  eden space 8256K, 100% used [0x23d60000, 0x24570000, 0x24570000)
  from space 960K, 100% used [0x24660000, 0x24750000, 0x24750000)
  to   space 960K,   0% used [0x24570000, 0x24570000, 0x24660000)
 tenured generation   total 20320K, used 12943K [0x292b0000, 0x2a688000, 0x33d60000)
   the space 20320K,  63% used [0x292b0000, 0x29f53e50, 0x29f54000, 0x2a688000)
 compacting perm gen  total 12288K, used 9187K [0x33d60000, 0x34960000, 0x37d60000)
   the space 12288K,  74% used [0x33d60000, 0x34658e98, 0x34659000, 0x34960000)
    ro space 10240K,  45% used [0x37d60000, 0x381e7988, 0x381e7a00, 0x38760000)
    rw space 12288K,  54% used [0x38760000, 0x38deb5d8, 0x38deb600, 0x39360000)
Event: 17.717 GC heap after
Heap after GC invocations=74 (full 1):
 def new generation   total 9216K, used 624K [0x23d60000, 0x24750000, 0x292b0000)
  eden space 8256K,   0% used [0x23d60000, 0x23d60000, 0x24570000)
  from space 960K,  65% used [0x24570000, 0x2460c2a0, 0x24660000)
  to   space 960K,   0% used [0x24660000, 0x24660000, 0x24750000)
 tenured generation   total 20320K, used 13821K [0x292b0000, 0x2a688000, 0x33d60000)
   the space 20320K,  68% used [0x292b0000, 0x2a02f488, 0x2a02f600, 0x2a688000)
 compacting perm gen  total 12288K, used 9187K [0x33d60000, 0x34960000, 0x37d60000)
   the space 12288K,  74% used [0x33d60000, 0x34658e98, 0x34659000, 0x34960000)
    ro space 10240K,  45% used [0x37d60000, 0x381e7988, 0x381e7a00, 0x38760000)
    rw space 12288K,  54% used [0x38760000, 0x38deb5d8, 0x38deb600, 0x39360000)
}
Event: 22.225 GC heap before
{Heap before GC invocations=74 (full 1):
 def new generation   total 9216K, used 8880K [0x23d60000, 0x24750000, 0x292b0000)
  eden space 8256K, 100% used [0x23d60000, 0x24570000, 0x24570000)
  from space 960K,  65% used [0x24570000, 0x2460c2a0, 0x24660000)
  to   space 960K,   0% used [0x24660000, 0x24660000, 0x24750000)
 tenured generation   total 20320K, used 13821K [0x292b0000, 0x2a688000, 0x33d60000)
   the space 20320K,  68% used [0x292b0000, 0x2a02f488, 0x2a02f600, 0x2a688000)
 compacting perm gen  total 12288K, used 9188K [0x33d60000, 0x34960000, 0x37d60000)
   the space 12288K,  74% used [0x33d60000, 0x34659108, 0x34659200, 0x34960000)
    ro space 10240K,  45% used [0x37d60000, 0x381e7988, 0x381e7a00, 0x38760000)
    rw space 12288K,  54% used [0x38760000, 0x38deb5d8, 0x38deb600, 0x39360000)
Event: 22.230 GC heap after
Heap after GC invocations=75 (full 1):
 def new generation   total 9216K, used 331K [0x23d60000, 0x24750000, 0x292b0000)
  eden space 8256K,   0% used [0x23d60000, 0x23d60000, 0x24570000)
  from space 960K,  34% used [0x24660000, 0x246b2c70, 0x24750000)
  to   space 960K,   0% used [0x24570000, 0x24570000, 0x24660000)
 tenured generation   total 20320K, used 14257K [0x292b0000, 0x2a688000, 0x33d60000)
   the space 20320K,  70% used [0x292b0000, 0x2a09c708, 0x2a09c800, 0x2a688000)
 compacting perm gen  total 12288K, used 9188K [0x33d60000, 0x34960000, 0x37d60000)
   the space 12288K,  74% used [0x33d60000, 0x34659108, 0x34659200, 0x34960000)
    ro space 10240K,  45% used [0x37d60000, 0x381e7988, 0x381e7a00, 0x38760000)
    rw space 12288K,  54% used [0x38760000, 0x38deb5d8, 0x38deb600, 0x39360000)
}

